<?xml version="1.0" encoding="UTF-8"?>
<testsuite xmlns:xsi="http://www.w3.org/2001/XMLSchema-instance" xsi:noNamespaceSchemaLocation="https://maven.apache.org/surefire/maven-surefire-plugin/xsd/surefire-test-report-3.0.xsd" version="3.0" name="lvc.cds.AppTest" time="0.05" tests="1" errors="0" skipped="0" failures="0">
  <properties>
    <property name="awt.toolkit" value="sun.awt.X11.XToolkit"/>
    <property name="file.encoding.pkg" value="sun.io"/>
    <property name="java.specification.version" value="1.8"/>
    <property name="sun.cpu.isalist" value=""/>
    <property name="sun.jnu.encoding" value="UTF-8"/>
    <property name="java.class.path" value="/home/LVC/ajl008/Documents/Trial/DockerServer/target/test-classes:/home/LVC/ajl008/Documents/Trial/DockerServer/target/classes:/home/LVC/ajl008/.m2/repository/org/junit/jupiter/junit-jupiter-api/5.6.0/junit-jupiter-api-5.6.0.jar:/home/LVC/ajl008/.m2/repository/org/apiguardian/apiguardian-api/1.1.0/apiguardian-api-1.1.0.jar:/home/LVC/ajl008/.m2/repository/org/opentest4j/opentest4j/1.2.0/opentest4j-1.2.0.jar:/home/LVC/ajl008/.m2/repository/org/junit/platform/junit-platform-commons/1.6.0/junit-platform-commons-1.6.0.jar:/home/LVC/ajl008/.m2/repository/org/junit/jupiter/junit-jupiter-engine/5.6.0/junit-jupiter-engine-5.6.0.jar:/home/LVC/ajl008/.m2/repository/org/junit/platform/junit-platform-engine/1.6.0/junit-platform-engine-1.6.0.jar:/home/LVC/ajl008/.m2/repository/junit/junit/4.13.2/junit-4.13.2.jar:/home/LVC/ajl008/.m2/repository/org/hamcrest/hamcrest-core/1.3/hamcrest-core-1.3.jar:/home/LVC/ajl008/.m2/repository/net/sourceforge/jwebunit/jwebunit-htmlunit-plugin/3.3/jwebunit-htmlunit-plugin-3.3.jar:/home/LVC/ajl008/.m2/repository/net/sourceforge/htmlunit/htmlunit/2.18/htmlunit-2.18.jar:/home/LVC/ajl008/.m2/repository/xalan/xalan/2.7.2/xalan-2.7.2.jar:/home/LVC/ajl008/.m2/repository/xalan/serializer/2.7.2/serializer-2.7.2.jar:/home/LVC/ajl008/.m2/repository/commons-collections/commons-collections/3.2.1/commons-collections-3.2.1.jar:/home/LVC/ajl008/.m2/repository/org/apache/commons/commons-lang3/3.4/commons-lang3-3.4.jar:/home/LVC/ajl008/.m2/repository/org/apache/httpcomponents/httpclient/4.5/httpclient-4.5.jar:/home/LVC/ajl008/.m2/repository/org/apache/httpcomponents/httpcore/4.4.1/httpcore-4.4.1.jar:/home/LVC/ajl008/.m2/repository/org/apache/httpcomponents/httpmime/4.5/httpmime-4.5.jar:/home/LVC/ajl008/.m2/repository/commons-codec/commons-codec/1.10/commons-codec-1.10.jar:/home/LVC/ajl008/.m2/repository/net/sourceforge/htmlunit/htmlunit-core-js/2.17/htmlunit-core-js-2.17.jar:/home/LVC/ajl008/.m2/repository/xerces/xercesImpl/2.11.0/xercesImpl-2.11.0.jar:/home/LVC/ajl008/.m2/repository/xml-apis/xml-apis/1.4.01/xml-apis-1.4.01.jar:/home/LVC/ajl008/.m2/repository/net/sourceforge/nekohtml/nekohtml/1.9.22/nekohtml-1.9.22.jar:/home/LVC/ajl008/.m2/repository/net/sourceforge/cssparser/cssparser/0.9.16/cssparser-0.9.16.jar:/home/LVC/ajl008/.m2/repository/org/w3c/css/sac/1.3/sac-1.3.jar:/home/LVC/ajl008/.m2/repository/commons-io/commons-io/2.4/commons-io-2.4.jar:/home/LVC/ajl008/.m2/repository/org/eclipse/jetty/websocket/websocket-client/9.2.12.v20150709/websocket-client-9.2.12.v20150709.jar:/home/LVC/ajl008/.m2/repository/org/eclipse/jetty/jetty-util/9.2.12.v20150709/jetty-util-9.2.12.v20150709.jar:/home/LVC/ajl008/.m2/repository/org/eclipse/jetty/jetty-io/9.2.12.v20150709/jetty-io-9.2.12.v20150709.jar:/home/LVC/ajl008/.m2/repository/org/eclipse/jetty/websocket/websocket-common/9.2.12.v20150709/websocket-common-9.2.12.v20150709.jar:/home/LVC/ajl008/.m2/repository/org/eclipse/jetty/websocket/websocket-api/9.2.12.v20150709/websocket-api-9.2.12.v20150709.jar:/home/LVC/ajl008/.m2/repository/net/sourceforge/jwebunit/jwebunit-core/3.3/jwebunit-core-3.3.jar:/home/LVC/ajl008/.m2/repository/regexp/regexp/1.3/regexp-1.3.jar:/home/LVC/ajl008/.m2/repository/commons-lang/commons-lang/2.6/commons-lang-2.6.jar:/home/LVC/ajl008/.m2/repository/org/slf4j/slf4j-api/1.6.6/slf4j-api-1.6.6.jar:/home/LVC/ajl008/.m2/repository/org/slf4j/jcl-over-slf4j/1.6.6/jcl-over-slf4j-1.6.6.jar:/home/LVC/ajl008/.m2/repository/javax/servlet/servlet-api/2.5/servlet-api-2.5.jar:"/>
    <property name="java.vm.vendor" value="Oracle Corporation"/>
    <property name="sun.arch.data.model" value="64"/>
    <property name="java.vendor.url" value="http://java.oracle.com/"/>
    <property name="user.timezone" value=""/>
    <property name="java.vm.specification.version" value="1.8"/>
    <property name="os.name" value="Linux"/>
    <property name="user.country" value="US"/>
    <property name="sun.java.launcher" value="SUN_STANDARD"/>
    <property name="sun.boot.library.path" value="/usr/lib/jvm/java-1.8.0-openjdk-1.8.0.252.b09-0.fc30.x86_64/jre/lib/amd64"/>
    <property name="sun.java.command" value="/home/LVC/ajl008/Documents/Trial/DockerServer/target/surefire/surefirebooter949967869486319664.jar /home/LVC/ajl008/Documents/Trial/DockerServer/target/surefire 2021-05-07T03-47-10_548-jvmRun1 surefire5792069567256410709tmp surefire_06425404468454326975tmp"/>
    <property name="surefire.test.class.path" value="/home/LVC/ajl008/Documents/Trial/DockerServer/target/test-classes:/home/LVC/ajl008/Documents/Trial/DockerServer/target/classes:/home/LVC/ajl008/.m2/repository/org/junit/jupiter/junit-jupiter-api/5.6.0/junit-jupiter-api-5.6.0.jar:/home/LVC/ajl008/.m2/repository/org/apiguardian/apiguardian-api/1.1.0/apiguardian-api-1.1.0.jar:/home/LVC/ajl008/.m2/repository/org/opentest4j/opentest4j/1.2.0/opentest4j-1.2.0.jar:/home/LVC/ajl008/.m2/repository/org/junit/platform/junit-platform-commons/1.6.0/junit-platform-commons-1.6.0.jar:/home/LVC/ajl008/.m2/repository/org/junit/jupiter/junit-jupiter-engine/5.6.0/junit-jupiter-engine-5.6.0.jar:/home/LVC/ajl008/.m2/repository/org/junit/platform/junit-platform-engine/1.6.0/junit-platform-engine-1.6.0.jar:/home/LVC/ajl008/.m2/repository/junit/junit/4.13.2/junit-4.13.2.jar:/home/LVC/ajl008/.m2/repository/org/hamcrest/hamcrest-core/1.3/hamcrest-core-1.3.jar:/home/LVC/ajl008/.m2/repository/net/sourceforge/jwebunit/jwebunit-htmlunit-plugin/3.3/jwebunit-htmlunit-plugin-3.3.jar:/home/LVC/ajl008/.m2/repository/net/sourceforge/htmlunit/htmlunit/2.18/htmlunit-2.18.jar:/home/LVC/ajl008/.m2/repository/xalan/xalan/2.7.2/xalan-2.7.2.jar:/home/LVC/ajl008/.m2/repository/xalan/serializer/2.7.2/serializer-2.7.2.jar:/home/LVC/ajl008/.m2/repository/commons-collections/commons-collections/3.2.1/commons-collections-3.2.1.jar:/home/LVC/ajl008/.m2/repository/org/apache/commons/commons-lang3/3.4/commons-lang3-3.4.jar:/home/LVC/ajl008/.m2/repository/org/apache/httpcomponents/httpclient/4.5/httpclient-4.5.jar:/home/LVC/ajl008/.m2/repository/org/apache/httpcomponents/httpcore/4.4.1/httpcore-4.4.1.jar:/home/LVC/ajl008/.m2/repository/org/apache/httpcomponents/httpmime/4.5/httpmime-4.5.jar:/home/LVC/ajl008/.m2/repository/commons-codec/commons-codec/1.10/commons-codec-1.10.jar:/home/LVC/ajl008/.m2/repository/net/sourceforge/htmlunit/htmlunit-core-js/2.17/htmlunit-core-js-2.17.jar:/home/LVC/ajl008/.m2/repository/xerces/xercesImpl/2.11.0/xercesImpl-2.11.0.jar:/home/LVC/ajl008/.m2/repository/xml-apis/xml-apis/1.4.01/xml-apis-1.4.01.jar:/home/LVC/ajl008/.m2/repository/net/sourceforge/nekohtml/nekohtml/1.9.22/nekohtml-1.9.22.jar:/home/LVC/ajl008/.m2/repository/net/sourceforge/cssparser/cssparser/0.9.16/cssparser-0.9.16.jar:/home/LVC/ajl008/.m2/repository/org/w3c/css/sac/1.3/sac-1.3.jar:/home/LVC/ajl008/.m2/repository/commons-io/commons-io/2.4/commons-io-2.4.jar:/home/LVC/ajl008/.m2/repository/org/eclipse/jetty/websocket/websocket-client/9.2.12.v20150709/websocket-client-9.2.12.v20150709.jar:/home/LVC/ajl008/.m2/repository/org/eclipse/jetty/jetty-util/9.2.12.v20150709/jetty-util-9.2.12.v20150709.jar:/home/LVC/ajl008/.m2/repository/org/eclipse/jetty/jetty-io/9.2.12.v20150709/jetty-io-9.2.12.v20150709.jar:/home/LVC/ajl008/.m2/repository/org/eclipse/jetty/websocket/websocket-common/9.2.12.v20150709/websocket-common-9.2.12.v20150709.jar:/home/LVC/ajl008/.m2/repository/org/eclipse/jetty/websocket/websocket-api/9.2.12.v20150709/websocket-api-9.2.12.v20150709.jar:/home/LVC/ajl008/.m2/repository/net/sourceforge/jwebunit/jwebunit-core/3.3/jwebunit-core-3.3.jar:/home/LVC/ajl008/.m2/repository/regexp/regexp/1.3/regexp-1.3.jar:/home/LVC/ajl008/.m2/repository/commons-lang/commons-lang/2.6/commons-lang-2.6.jar:/home/LVC/ajl008/.m2/repository/org/slf4j/slf4j-api/1.6.6/slf4j-api-1.6.6.jar:/home/LVC/ajl008/.m2/repository/org/slf4j/jcl-over-slf4j/1.6.6/jcl-over-slf4j-1.6.6.jar:/home/LVC/ajl008/.m2/repository/javax/servlet/servlet-api/2.5/servlet-api-2.5.jar:"/>
    <property name="sun.cpu.endian" value="little"/>
    <property name="user.home" value="/home/LVC/ajl008"/>
    <property name="user.language" value="en"/>
    <property name="java.specification.vendor" value="Oracle Corporation"/>
    <property name="java.home" value="/usr/lib/jvm/java-1.8.0-openjdk-1.8.0.252.b09-0.fc30.x86_64/jre"/>
    <property name="basedir" value="/home/LVC/ajl008/Documents/Trial/DockerServer"/>
    <property name="file.separator" value="/"/>
    <property name="line.separator" value="&#10;"/>
    <property name="java.vm.specification.vendor" value="Oracle Corporation"/>
    <property name="java.specification.name" value="Java Platform API Specification"/>
    <property name="java.awt.graphicsenv" value="sun.awt.X11GraphicsEnvironment"/>
    <property name="surefire.real.class.path" value="/home/LVC/ajl008/Documents/Trial/DockerServer/target/surefire/surefirebooter949967869486319664.jar:/home/LVC/ajl008/.m2/repository/org/jacoco/org.jacoco.agent/0.8.4/org.jacoco.agent-0.8.4-runtime.jar"/>
    <property name="sun.boot.class.path" value="/usr/lib/jvm/java-1.8.0-openjdk-1.8.0.252.b09-0.fc30.x86_64/jre/lib/resources.jar:/usr/lib/jvm/java-1.8.0-openjdk-1.8.0.252.b09-0.fc30.x86_64/jre/lib/rt.jar:/usr/lib/jvm/java-1.8.0-openjdk-1.8.0.252.b09-0.fc30.x86_64/jre/lib/sunrsasign.jar:/usr/lib/jvm/java-1.8.0-openjdk-1.8.0.252.b09-0.fc30.x86_64/jre/lib/jsse.jar:/usr/lib/jvm/java-1.8.0-openjdk-1.8.0.252.b09-0.fc30.x86_64/jre/lib/jce.jar:/usr/lib/jvm/java-1.8.0-openjdk-1.8.0.252.b09-0.fc30.x86_64/jre/lib/charsets.jar:/usr/lib/jvm/java-1.8.0-openjdk-1.8.0.252.b09-0.fc30.x86_64/jre/lib/jfr.jar:/usr/lib/jvm/java-1.8.0-openjdk-1.8.0.252.b09-0.fc30.x86_64/jre/classes"/>
    <property name="sun.management.compiler" value="HotSpot 64-Bit Tiered Compilers"/>
    <property name="java.runtime.version" value="1.8.0_252-b09"/>
    <property name="user.name" value="ajl008"/>
    <property name="path.separator" value=":"/>
    <property name="os.version" value="5.6.13-100.fc30.x86_64"/>
    <property name="java.endorsed.dirs" value="/usr/lib/jvm/java-1.8.0-openjdk-1.8.0.252.b09-0.fc30.x86_64/jre/lib/endorsed"/>
    <property name="java.runtime.name" value="OpenJDK Runtime Environment"/>
    <property name="file.encoding" value="UTF-8"/>
    <property name="java.vm.name" value="OpenJDK 64-Bit Server VM"/>
    <property name="localRepository" value="/home/LVC/ajl008/.m2/repository"/>
    <property name="java.vendor.url.bug" value="http://bugreport.sun.com/bugreport/"/>
    <property name="java.io.tmpdir" value="/tmp"/>
    <property name="java.version" value="1.8.0_252"/>
    <property name="user.dir" value="/home/LVC/ajl008/Documents/Trial/DockerServer"/>
    <property name="os.arch" value="amd64"/>
    <property name="java.vm.specification.name" value="Java Virtual Machine Specification"/>
    <property name="java.awt.printerjob" value="sun.print.PSPrinterJob"/>
    <property name="sun.os.patch.level" value="unknown"/>
    <property name="java.library.path" value="/usr/java/packages/lib/amd64:/usr/lib64:/lib64:/lib:/usr/lib"/>
    <property name="java.vm.info" value="mixed mode"/>
    <property name="java.vendor" value="Oracle Corporation"/>
    <property name="java.vm.version" value="25.252-b09"/>
    <property name="java.ext.dirs" value="/usr/lib/jvm/java-1.8.0-openjdk-1.8.0.252.b09-0.fc30.x86_64/jre/lib/ext:/usr/java/packages/lib/ext"/>
    <property name="sun.io.unicode.encoding" value="UnicodeLittle"/>
    <property name="java.class.version" value="52.0"/>
  </properties>
  <testcase name="testApp" classname="lvc.cds.AppTest" time="0.033"/>
</testsuite>